<?xml version="1.0" encoding="UTF-8"?>
<testsuite xmlns:xsi="http://www.w3.org/2001/XMLSchema-instance" xsi:noNamespaceSchemaLocation="https://maven.apache.org/surefire/maven-surefire-plugin/xsd/surefire-test-report-3.0.xsd" version="3.0" name="com.inventory.InventoryManagementApplicationTest" time="12.644" tests="1" errors="0" skipped="0" failures="0">
  <properties>
[...]
</properties>
  <testcase name="contextLoads" classname="com.inventory.InventoryManagementApplicationTest" time="1.395">
    <system-out><![CDATA[23:02:57.585 [main] INFO org.springframework.test.context.support.AnnotationConfigContextLoaderUtils -- Could not detect default configuration classes for test class [com.inventory.InventoryManagementApplicationTest]: InventoryManagementApplicationTest does not declare any static, non-private, non-final, nested classes annotated with @Configuration.
23:02:58.089 [main] INFO org.springframework.boot.test.context.SpringBootTestContextBootstrapper -- Found @SpringBootConfiguration com.inventory.InventoryManagementApplication for test class com.inventory.InventoryManagementApplicationTest

  .   ____          _            __ _ _
 /\\ / ___'_ __ _ _(_)_ __  __ _ \ \ \ \
( ( )\___ | '_ | '_| | '_ \/ _` | \ \ \ \
 \\/  ___)| |_)| | | | | || (_| |  ) ) ) )
  '  |____| .__|_| |_|_| |_\__, | / / / /
 =========|_|==============|___/=/_/_/_/
 :: Spring Boot ::                (v3.2.3)

2025-07-12T23:02:59.109+05:30  INFO 14836 --- [           main] c.i.InventoryManagementApplicationTest   : Starting InventoryManagementApplicationTest using Java 18.0.2.1 with PID 14836 (started by fazal in C:\Users\fazal\Downloads\Test)
2025-07-12T23:02:59.109+05:30  INFO 14836 --- [           main] c.i.InventoryManagementApplicationTest   : No active profile set, falling back to 1 default profile: "default"
2025-07-12T23:03:00.988+05:30  INFO 14836 --- [           main] .s.d.r.c.RepositoryConfigurationDelegate : Bootstrapping Spring Data JPA repositories in DEFAULT mode.
2025-07-12T23:03:01.111+05:30  INFO 14836 --- [           main] .s.d.r.c.RepositoryConfigurationDelegate : Finished Spring Data repository scanning in 107 ms. Found 3 JPA repository interfaces.
2025-07-12T23:03:01.983+05:30  INFO 14836 --- [           main] o.hibernate.jpa.internal.util.LogHelper  : HHH000204: Processing PersistenceUnitInfo [name: default]
2025-07-12T23:03:02.095+05:30  INFO 14836 --- [           main] org.hibernate.Version                    : HHH000412: Hibernate ORM core version 6.4.4.Final
2025-07-12T23:03:02.161+05:30  INFO 14836 --- [           main] o.h.c.internal.RegionFactoryInitiator    : HHH000026: Second-level cache disabled
2025-07-12T23:03:02.445+05:30  INFO 14836 --- [           main] o.s.o.j.p.SpringPersistenceUnitInfo      : No LoadTimeWeaver setup: ignoring JPA class transformer
2025-07-12T23:03:02.511+05:30  INFO 14836 --- [           main] com.zaxxer.hikari.HikariDataSource       : HikariPool-1 - Starting...
2025-07-12T23:03:03.029+05:30  INFO 14836 --- [           main] com.zaxxer.hikari.pool.HikariPool        : HikariPool-1 - Added connection conn0: url=jdbc:h2:mem:inventorydb user=SA
2025-07-12T23:03:03.035+05:30  INFO 14836 --- [           main] com.zaxxer.hikari.HikariDataSource       : HikariPool-1 - Start completed.
2025-07-12T23:03:03.086+05:30  WARN 14836 --- [           main] org.hibernate.orm.deprecation            : HHH90000025: H2Dialect does not need to be specified explicitly using 'hibernate.dialect' (remove the property setting and it will be selected by default)
2025-07-12T23:03:04.814+05:30  INFO 14836 --- [           main] o.h.e.t.j.p.i.JtaPlatformInitiator       : HHH000489: No JTA platform available (set 'hibernate.transaction.jta.platform' to enable JTA platform integration)
Hibernate: create table categories (id bigint generated by default as identity, active boolean not null, name varchar(255) not null, primary key (id))
Hibernate: create table products (id bigint generated by default as identity, description varchar(255), name varchar(255) not null, category_id bigint not null, primary key (id))
Hibernate: create table skus (id bigint generated by default as identity, color varchar(255) not null, price numeric(38,2) not null check (price>=0), size varchar(255) not null, stock_quantity integer not null check (stock_quantity>=0), product_id bigint not null, primary key (id))
Hibernate: alter table if exists categories drop constraint if exists UK_t8o6pivur7nn124jehx7cygw5
Hibernate: alter table if exists categories add constraint UK_t8o6pivur7nn124jehx7cygw5 unique (name)
Hibernate: alter table if exists products add constraint FKog2rp4qthbtt2lfyhfo32lsw9 foreign key (category_id) references categories
Hibernate: alter table if exists skus add constraint FK49suh4vsoilpii18pb6j8adkp foreign key (product_id) references products
2025-07-12T23:03:04.975+05:30  INFO 14836 --- [           main] j.LocalContainerEntityManagerFactoryBean : Initialized JPA EntityManagerFactory for persistence unit 'default'
2025-07-12T23:03:05.449+05:30  INFO 14836 --- [           main] o.s.d.j.r.query.QueryEnhancerFactory     : Hibernate is in classpath; If applicable, HQL parser will be used.
2025-07-12T23:03:07.333+05:30  WARN 14836 --- [           main] JpaBaseConfiguration$JpaWebConfiguration : spring.jpa.open-in-view is enabled by default. Therefore, database queries may be performed during view rendering. Explicitly configure spring.jpa.open-in-view to disable this warning
2025-07-12T23:03:08.120+05:30  INFO 14836 --- [           main] o.s.b.a.h2.H2ConsoleAutoConfiguration    : H2 console available at '/h2-console'. Database available at 'jdbc:h2:mem:inventorydb'
2025-07-12T23:03:08.218+05:30  INFO 14836 --- [           main] c.i.InventoryManagementApplicationTest   : Started InventoryManagementApplicationTest in 9.734 seconds (process running for 17.697)

  .   ____          _            __ _ _
 /\\ / ___'_ __ _ _(_)_ __  __ _ \ \ \ \
( ( )\___ | '_ | '_| | '_ \/ _` | \ \ \ \
 \\/  ___)| |_)| | | | | || (_| |  ) ) ) )
  '  |____| .__|_| |_|_| |_\__, | / / / /
 =========|_|==============|___/=/_/_/_/
 :: Spring Boot ::                (v3.2.3)

2025-07-12T23:03:08.303+05:30  INFO 14836 --- [           main] c.i.InventoryManagementApplication       : Starting InventoryManagementApplication using Java 18.0.2.1 with PID 14836 (started by fazal in C:\Users\fazal\Downloads\Test)
2025-07-12T23:03:08.303+05:30  INFO 14836 --- [           main] c.i.InventoryManagementApplication       : No active profile set, falling back to 1 default profile: "default"
2025-07-12T23:03:08.635+05:30  INFO 14836 --- [           main] .s.d.r.c.RepositoryConfigurationDelegate : Bootstrapping Spring Data JPA repositories in DEFAULT mode.
2025-07-12T23:03:08.663+05:30  INFO 14836 --- [           main] .s.d.r.c.RepositoryConfigurationDelegate : Finished Spring Data repository scanning in 21 ms. Found 3 JPA repository interfaces.
2025-07-12T23:03:08.958+05:30  INFO 14836 --- [           main] o.s.b.w.embedded.tomcat.TomcatWebServer  : Tomcat initialized with port 8080 (http)
2025-07-12T23:03:08.968+05:30  INFO 14836 --- [           main] o.apache.catalina.core.StandardService   : Starting service [Tomcat]
2025-07-12T23:03:08.968+05:30  INFO 14836 --- [           main] o.apache.catalina.core.StandardEngine    : Starting Servlet engine: [Apache Tomcat/10.1.19]
2025-07-12T23:03:09.069+05:30  INFO 14836 --- [           main] o.a.c.c.C.[Tomcat].[localhost].[/]       : Initializing Spring embedded WebApplicationContext
2025-07-12T23:03:09.070+05:30  INFO 14836 --- [           main] w.s.c.ServletWebServerApplicationContext : Root WebApplicationContext: initialization completed in 763 ms
2025-07-12T23:03:09.085+05:30  INFO 14836 --- [           main] com.zaxxer.hikari.HikariDataSource       : HikariPool-2 - Starting...
2025-07-12T23:03:09.086+05:30  INFO 14836 --- [           main] com.zaxxer.hikari.pool.HikariPool        : HikariPool-2 - Added connection conn10: url=jdbc:h2:mem:inventorydb user=SA
2025-07-12T23:03:09.086+05:30  INFO 14836 --- [           main] com.zaxxer.hikari.HikariDataSource       : HikariPool-2 - Start completed.
2025-07-12T23:03:09.086+05:30  INFO 14836 --- [           main] o.s.b.a.h2.H2ConsoleAutoConfiguration    : H2 console available at '/h2-console'. Database available at 'jdbc:h2:mem:inventorydb'
2025-07-12T23:03:09.173+05:30  INFO 14836 --- [           main] o.hibernate.jpa.internal.util.LogHelper  : HHH000204: Processing PersistenceUnitInfo [name: default]
2025-07-12T23:03:09.173+05:30  INFO 14836 --- [           main] o.h.c.internal.RegionFactoryInitiator    : HHH000026: Second-level cache disabled
2025-07-12T23:03:09.186+05:30  INFO 14836 --- [           main] o.s.o.j.p.SpringPersistenceUnitInfo      : No LoadTimeWeaver setup: ignoring JPA class transformer
2025-07-12T23:03:09.186+05:30  WARN 14836 --- [           main] org.hibernate.orm.deprecation            : HHH90000025: H2Dialect does not need to be specified explicitly using 'hibernate.dialect' (remove the property setting and it will be selected by default)
2025-07-12T23:03:09.289+05:30  INFO 14836 --- [           main] o.h.e.t.j.p.i.JtaPlatformInitiator       : HHH000489: No JTA platform available (set 'hibernate.transaction.jta.platform' to enable JTA platform integration)
2025-07-12T23:03:09.313+05:30  INFO 14836 --- [           main] j.LocalContainerEntityManagerFactoryBean : Initialized JPA EntityManagerFactory for persistence unit 'default'
2025-07-12T23:03:09.452+05:30  WARN 14836 --- [           main] JpaBaseConfiguration$JpaWebConfiguration : spring.jpa.open-in-view is enabled by default. Therefore, database queries may be performed during view rendering. Explicitly configure spring.jpa.open-in-view to disable this warning
2025-07-12T23:03:09.637+05:30  INFO 14836 --- [           main] o.s.b.w.embedded.tomcat.TomcatWebServer  : Tomcat started on port 8080 (http) with context path ''
2025-07-12T23:03:09.642+05:30  INFO 14836 --- [           main] c.i.InventoryManagementApplication       : Started InventoryManagementApplication in 1.372 seconds (process running for 19.118)
]]></system-out>
  </testcase>
</testsuite>